<?xml version="1.0" encoding="UTF-8"?>
<testsuite name="com.deloitte.ho.application.controller.FeeControllerTest" tests="1" skipped="0" failures="0" errors="0" timestamp="2017-04-20T13:32:43" hostname="UK167361" time="0.235">
  <properties/>
  <testcase name="feeShouldReturnObjectFromService" classname="com.deloitte.ho.application.controller.FeeControllerTest" time="0.235"/>
  <system-out><![CDATA[2017-04-20 14:32:42.686  INFO 96445 --- [    Test worker] .b.t.c.SpringBootTestContextBootstrapper : Neither @ContextConfiguration nor @ContextHierarchy found for test class [com.deloitte.ho.application.controller.FeeControllerTest], using SpringBootContextLoader
2017-04-20 14:32:42.687  INFO 96445 --- [    Test worker] o.s.t.c.support.AbstractContextLoader    : Could not detect default resource locations for test class [com.deloitte.ho.application.controller.FeeControllerTest]: no resource found for suffixes {-context.xml, Context.groovy}.
2017-04-20 14:32:42.687  INFO 96445 --- [    Test worker] t.c.s.AnnotationConfigContextLoaderUtils : Could not detect default configuration classes for test class [com.deloitte.ho.application.controller.FeeControllerTest]: FeeControllerTest does not declare any static, non-private, non-final, nested classes annotated with @Configuration.
2017-04-20 14:32:42.694  INFO 96445 --- [    Test worker] .b.t.c.SpringBootTestContextBootstrapper : Found @SpringBootConfiguration com.deloitte.ho.application.Application for test class com.deloitte.ho.application.controller.FeeControllerTest
2017-04-20 14:32:42.696  INFO 96445 --- [    Test worker] .b.t.c.SpringBootTestContextBootstrapper : Loaded default TestExecutionListener class names from location [META-INF/spring.factories]: [org.springframework.boot.test.mock.mockito.MockitoTestExecutionListener, org.springframework.boot.test.mock.mockito.ResetMocksTestExecutionListener, org.springframework.boot.test.autoconfigure.restdocs.RestDocsTestExecutionListener, org.springframework.boot.test.autoconfigure.web.client.MockRestServiceServerResetTestExecutionListener, org.springframework.boot.test.autoconfigure.web.servlet.MockMvcPrintOnlyOnFailureTestExecutionListener, org.springframework.boot.test.autoconfigure.web.servlet.WebDriverTestExecutionListener, org.springframework.test.context.web.ServletTestExecutionListener, org.springframework.test.context.support.DirtiesContextBeforeModesTestExecutionListener, org.springframework.test.context.support.DependencyInjectionTestExecutionListener, org.springframework.test.context.support.DirtiesContextTestExecutionListener, org.springframework.test.context.transaction.TransactionalTestExecutionListener, org.springframework.test.context.jdbc.SqlScriptsTestExecutionListener]
2017-04-20 14:32:42.697  INFO 96445 --- [    Test worker] .b.t.c.SpringBootTestContextBootstrapper : Could not instantiate TestExecutionListener [org.springframework.test.context.jdbc.SqlScriptsTestExecutionListener]. Specify custom listener classes or make the default listener classes (and their required dependencies) available. Offending class: [org/springframework/transaction/interceptor/TransactionAttribute]
2017-04-20 14:32:42.698  INFO 96445 --- [    Test worker] .b.t.c.SpringBootTestContextBootstrapper : Could not instantiate TestExecutionListener [org.springframework.test.context.transaction.TransactionalTestExecutionListener]. Specify custom listener classes or make the default listener classes (and their required dependencies) available. Offending class: [org/springframework/transaction/interceptor/TransactionAttributeSource]
2017-04-20 14:32:42.698  INFO 96445 --- [    Test worker] .b.t.c.SpringBootTestContextBootstrapper : Using TestExecutionListeners: [org.springframework.test.context.web.ServletTestExecutionListener@3f8a3d13, org.springframework.test.context.support.DirtiesContextBeforeModesTestExecutionListener@239f7cb, org.springframework.boot.test.autoconfigure.SpringBootDependencyInjectionTestExecutionListener@33e8fe90, org.springframework.test.context.support.DirtiesContextTestExecutionListener@246721c0, org.springframework.boot.test.autoconfigure.web.servlet.MockMvcPrintOnlyOnFailureTestExecutionListener@4a6bf2fa, org.springframework.boot.test.autoconfigure.web.client.MockRestServiceServerResetTestExecutionListener@7a1c3d3, org.springframework.boot.test.mock.mockito.MockitoTestExecutionListener@7349b1c9, org.springframework.boot.test.mock.mockito.ResetMocksTestExecutionListener@6ebdf741, org.springframework.boot.test.autoconfigure.restdocs.RestDocsTestExecutionListener@7bd4344e, org.springframework.boot.test.autoconfigure.web.servlet.WebDriverTestExecutionListener@72e2dfbc]

  .   ____          _            __ _ _
 /\\ / ___'_ __ _ _(_)_ __  __ _ \ \ \ \
( ( )\___ | '_ | '_| | '_ \/ _` | \ \ \ \
 \\/  ___)| |_)| | | | | || (_| |  ) ) ) )
  '  |____| .__|_| |_|_| |_\__, | / / / /
 =========|_|==============|___/=/_/_/_/
 :: Spring Boot ::        (v1.5.2.RELEASE)

2017-04-20 14:32:42.723  INFO 96445 --- [    Test worker] c.d.h.a.controller.FeeControllerTest     : Starting FeeControllerTest on UK167361 with PID 96445 (started by shivxsingh in /Users/shivxsingh/Desktop/home-office-master/fee-service)
2017-04-20 14:32:42.723  INFO 96445 --- [    Test worker] c.d.h.a.controller.FeeControllerTest     : No active profile set, falling back to default profiles: default
2017-04-20 14:32:42.724  INFO 96445 --- [    Test worker] ationConfigEmbeddedWebApplicationContext : Refreshing org.springframework.boot.context.embedded.AnnotationConfigEmbeddedWebApplicationContext@2a5fea7d: startup date [Thu Apr 20 14:32:42 BST 2017]; root of context hierarchy
2017-04-20 14:32:43.014  INFO 96445 --- [    Test worker] s.b.c.e.t.TomcatEmbeddedServletContainer : Tomcat initialized with port(s): 0 (http)
2017-04-20 14:32:43.022  INFO 96445 --- [    Test worker] o.apache.catalina.core.StandardService   : Starting service Tomcat
2017-04-20 14:32:43.023  INFO 96445 --- [    Test worker] org.apache.catalina.core.StandardEngine  : Starting Servlet Engine: Apache Tomcat/8.5.11
2017-04-20 14:32:43.085  INFO 96445 --- [ost-startStop-1] o.a.c.c.C.[Tomcat].[localhost].[/]       : Initializing Spring embedded WebApplicationContext
2017-04-20 14:32:43.085  INFO 96445 --- [ost-startStop-1] o.s.web.context.ContextLoader            : Root WebApplicationContext: initialization completed in 361 ms
2017-04-20 14:32:43.142  INFO 96445 --- [ost-startStop-1] o.s.b.w.servlet.ServletRegistrationBean  : Mapping servlet: 'dispatcherServlet' to [/]
2017-04-20 14:32:43.145  INFO 96445 --- [ost-startStop-1] o.s.b.w.servlet.FilterRegistrationBean   : Mapping filter: 'characterEncodingFilter' to: [/*]
2017-04-20 14:32:43.146  INFO 96445 --- [ost-startStop-1] o.s.b.w.servlet.FilterRegistrationBean   : Mapping filter: 'hiddenHttpMethodFilter' to: [/*]
2017-04-20 14:32:43.146  INFO 96445 --- [ost-startStop-1] o.s.b.w.servlet.FilterRegistrationBean   : Mapping filter: 'httpPutFormContentFilter' to: [/*]
2017-04-20 14:32:43.146  INFO 96445 --- [ost-startStop-1] o.s.b.w.servlet.FilterRegistrationBean   : Mapping filter: 'requestContextFilter' to: [/*]
2017-04-20 14:32:43.267  INFO 96445 --- [    Test worker] s.w.s.m.m.a.RequestMappingHandlerAdapter : Looking for @ControllerAdvice: org.springframework.boot.context.embedded.AnnotationConfigEmbeddedWebApplicationContext@2a5fea7d: startup date [Thu Apr 20 14:32:42 BST 2017]; root of context hierarchy
2017-04-20 14:32:43.275  INFO 96445 --- [    Test worker] s.w.s.m.m.a.RequestMappingHandlerMapping : Mapped "{[/fees],methods=[GET]}" onto public com.deloitte.ho.application.model.Fee com.deloitte.ho.application.FeeController.getFees()
2017-04-20 14:32:43.276  INFO 96445 --- [    Test worker] s.w.s.m.m.a.RequestMappingHandlerMapping : Mapped "{[/error]}" onto public org.springframework.http.ResponseEntity<java.util.Map<java.lang.String, java.lang.Object>> org.springframework.boot.autoconfigure.web.BasicErrorController.error(javax.servlet.http.HttpServletRequest)
2017-04-20 14:32:43.276  INFO 96445 --- [    Test worker] s.w.s.m.m.a.RequestMappingHandlerMapping : Mapped "{[/error],produces=[text/html]}" onto public org.springframework.web.servlet.ModelAndView org.springframework.boot.autoconfigure.web.BasicErrorController.errorHtml(javax.servlet.http.HttpServletRequest,javax.servlet.http.HttpServletResponse)
2017-04-20 14:32:43.289  INFO 96445 --- [    Test worker] o.s.w.s.handler.SimpleUrlHandlerMapping  : Mapped URL path [/webjars/**] onto handler of type [class org.springframework.web.servlet.resource.ResourceHttpRequestHandler]
2017-04-20 14:32:43.289  INFO 96445 --- [    Test worker] o.s.w.s.handler.SimpleUrlHandlerMapping  : Mapped URL path [/**] onto handler of type [class org.springframework.web.servlet.resource.ResourceHttpRequestHandler]
2017-04-20 14:32:43.303  INFO 96445 --- [    Test worker] o.s.w.s.handler.SimpleUrlHandlerMapping  : Mapped URL path [/**/favicon.ico] onto handler of type [class org.springframework.web.servlet.resource.ResourceHttpRequestHandler]
2017-04-20 14:32:43.379  INFO 96445 --- [    Test worker] s.b.c.e.t.TomcatEmbeddedServletContainer : Tomcat started on port(s): 54797 (http)
2017-04-20 14:32:43.380  INFO 96445 --- [    Test worker] c.d.h.a.controller.FeeControllerTest     : Started FeeControllerTest in 0.678 seconds (JVM running for 2.793)
2017-04-20 14:32:43.479  INFO 96445 --- [o-auto-1-exec-1] o.a.c.c.C.[Tomcat].[localhost].[/]       : Initializing Spring FrameworkServlet 'dispatcherServlet'
2017-04-20 14:32:43.479  INFO 96445 --- [o-auto-1-exec-1] o.s.web.servlet.DispatcherServlet        : FrameworkServlet 'dispatcherServlet': initialization started
2017-04-20 14:32:43.566  INFO 96445 --- [o-auto-1-exec-1] o.s.web.servlet.DispatcherServlet        : FrameworkServlet 'dispatcherServlet': initialization completed in 87 ms
]]></system-out>
  <system-err><![CDATA[]]></system-err>
</testsuite>
