<?xml version="1.0" encoding="UTF-8"?>
<testsuite name="com.deloitte.ho.application.ApplicationTest" tests="1" skipped="0" failures="0" errors="0" timestamp="2017-04-20T13:32:42" hostname="UK167361" time="0.045">
  <properties/>
  <testcase name="contextLoads" classname="com.deloitte.ho.application.ApplicationTest" time="0.045"/>
  <system-out><![CDATA[14:32:41.036 [Test worker] DEBUG org.springframework.test.context.junit4.SpringJUnit4ClassRunner - SpringJUnit4ClassRunner constructor called with [class com.deloitte.ho.application.ApplicationTest]
14:32:41.040 [Test worker] DEBUG org.springframework.test.context.BootstrapUtils - Instantiating CacheAwareContextLoaderDelegate from class [org.springframework.test.context.cache.DefaultCacheAwareContextLoaderDelegate]
14:32:41.046 [Test worker] DEBUG org.springframework.test.context.BootstrapUtils - Instantiating BootstrapContext using constructor [public org.springframework.test.context.support.DefaultBootstrapContext(java.lang.Class,org.springframework.test.context.CacheAwareContextLoaderDelegate)]
14:32:41.056 [Test worker] DEBUG org.springframework.test.context.BootstrapUtils - Instantiating TestContextBootstrapper for test class [com.deloitte.ho.application.ApplicationTest] from class [org.springframework.boot.test.context.SpringBootTestContextBootstrapper]
14:32:41.064 [Test worker] INFO org.springframework.boot.test.context.SpringBootTestContextBootstrapper - Neither @ContextConfiguration nor @ContextHierarchy found for test class [com.deloitte.ho.application.ApplicationTest], using SpringBootContextLoader
14:32:41.066 [Test worker] DEBUG org.springframework.test.context.support.AbstractContextLoader - Did not detect default resource location for test class [com.deloitte.ho.application.ApplicationTest]: class path resource [com/deloitte/ho/application/ApplicationTest-context.xml] does not exist
14:32:41.067 [Test worker] DEBUG org.springframework.test.context.support.AbstractContextLoader - Did not detect default resource location for test class [com.deloitte.ho.application.ApplicationTest]: class path resource [com/deloitte/ho/application/ApplicationTestContext.groovy] does not exist
14:32:41.067 [Test worker] INFO org.springframework.test.context.support.AbstractContextLoader - Could not detect default resource locations for test class [com.deloitte.ho.application.ApplicationTest]: no resource found for suffixes {-context.xml, Context.groovy}.
14:32:41.067 [Test worker] INFO org.springframework.test.context.support.AnnotationConfigContextLoaderUtils - Could not detect default configuration classes for test class [com.deloitte.ho.application.ApplicationTest]: ApplicationTest does not declare any static, non-private, non-final, nested classes annotated with @Configuration.
14:32:41.094 [Test worker] DEBUG org.springframework.test.context.support.ActiveProfilesUtils - Could not find an 'annotation declaring class' for annotation type [org.springframework.test.context.ActiveProfiles] and class [com.deloitte.ho.application.ApplicationTest]
14:32:41.102 [Test worker] DEBUG org.springframework.core.env.StandardEnvironment - Adding [systemProperties] PropertySource with lowest search precedence
14:32:41.102 [Test worker] DEBUG org.springframework.core.env.StandardEnvironment - Adding [systemEnvironment] PropertySource with lowest search precedence
14:32:41.102 [Test worker] DEBUG org.springframework.core.env.StandardEnvironment - Initialized StandardEnvironment with PropertySources [systemProperties,systemEnvironment]
14:32:41.109 [Test worker] DEBUG org.springframework.core.io.support.PathMatchingResourcePatternResolver - Resolved classpath location [com/deloitte/ho/application/] to resources [URL [file:/Users/shivxsingh/Desktop/home-office-master/fee-service/build/classes/test/com/deloitte/ho/application/], URL [file:/Users/shivxsingh/Desktop/home-office-master/fee-service/build/classes/main/com/deloitte/ho/application/]]
14:32:41.109 [Test worker] DEBUG org.springframework.core.io.support.PathMatchingResourcePatternResolver - Looking for matching resources in directory tree [/Users/shivxsingh/Desktop/home-office-master/fee-service/build/classes/test/com/deloitte/ho/application]
14:32:41.110 [Test worker] DEBUG org.springframework.core.io.support.PathMatchingResourcePatternResolver - Searching directory [/Users/shivxsingh/Desktop/home-office-master/fee-service/build/classes/test/com/deloitte/ho/application] for files matching pattern [/Users/shivxsingh/Desktop/home-office-master/fee-service/build/classes/test/com/deloitte/ho/application/*.class]
14:32:41.112 [Test worker] DEBUG org.springframework.core.io.support.PathMatchingResourcePatternResolver - Looking for matching resources in directory tree [/Users/shivxsingh/Desktop/home-office-master/fee-service/build/classes/main/com/deloitte/ho/application]
14:32:41.112 [Test worker] DEBUG org.springframework.core.io.support.PathMatchingResourcePatternResolver - Searching directory [/Users/shivxsingh/Desktop/home-office-master/fee-service/build/classes/main/com/deloitte/ho/application] for files matching pattern [/Users/shivxsingh/Desktop/home-office-master/fee-service/build/classes/main/com/deloitte/ho/application/*.class]
14:32:41.113 [Test worker] DEBUG org.springframework.core.io.support.PathMatchingResourcePatternResolver - Resolved location pattern [classpath*:com/deloitte/ho/application/*.class] to resources [file [/Users/shivxsingh/Desktop/home-office-master/fee-service/build/classes/test/com/deloitte/ho/application/ApplicationTest.class], file [/Users/shivxsingh/Desktop/home-office-master/fee-service/build/classes/main/com/deloitte/ho/application/Application.class], file [/Users/shivxsingh/Desktop/home-office-master/fee-service/build/classes/main/com/deloitte/ho/application/FeeController.class]]
14:32:41.146 [Test worker] DEBUG org.springframework.context.annotation.ClassPathScanningCandidateComponentProvider - Identified candidate component class: file [/Users/shivxsingh/Desktop/home-office-master/fee-service/build/classes/main/com/deloitte/ho/application/Application.class]
14:32:41.152 [Test worker] INFO org.springframework.boot.test.context.SpringBootTestContextBootstrapper - Found @SpringBootConfiguration com.deloitte.ho.application.Application for test class com.deloitte.ho.application.ApplicationTest
14:32:41.155 [Test worker] DEBUG org.springframework.boot.test.context.SpringBootTestContextBootstrapper - @TestExecutionListeners is not present for class [com.deloitte.ho.application.ApplicationTest]: using defaults.
14:32:41.158 [Test worker] INFO org.springframework.boot.test.context.SpringBootTestContextBootstrapper - Loaded default TestExecutionListener class names from location [META-INF/spring.factories]: [org.springframework.boot.test.mock.mockito.MockitoTestExecutionListener, org.springframework.boot.test.mock.mockito.ResetMocksTestExecutionListener, org.springframework.boot.test.autoconfigure.restdocs.RestDocsTestExecutionListener, org.springframework.boot.test.autoconfigure.web.client.MockRestServiceServerResetTestExecutionListener, org.springframework.boot.test.autoconfigure.web.servlet.MockMvcPrintOnlyOnFailureTestExecutionListener, org.springframework.boot.test.autoconfigure.web.servlet.WebDriverTestExecutionListener, org.springframework.test.context.web.ServletTestExecutionListener, org.springframework.test.context.support.DirtiesContextBeforeModesTestExecutionListener, org.springframework.test.context.support.DependencyInjectionTestExecutionListener, org.springframework.test.context.support.DirtiesContextTestExecutionListener, org.springframework.test.context.transaction.TransactionalTestExecutionListener, org.springframework.test.context.jdbc.SqlScriptsTestExecutionListener]
14:32:41.166 [Test worker] INFO org.springframework.boot.test.context.SpringBootTestContextBootstrapper - Could not instantiate TestExecutionListener [org.springframework.test.context.jdbc.SqlScriptsTestExecutionListener]. Specify custom listener classes or make the default listener classes (and their required dependencies) available. Offending class: [org/springframework/transaction/interceptor/TransactionAttribute]
14:32:41.168 [Test worker] INFO org.springframework.boot.test.context.SpringBootTestContextBootstrapper - Could not instantiate TestExecutionListener [org.springframework.test.context.transaction.TransactionalTestExecutionListener]. Specify custom listener classes or make the default listener classes (and their required dependencies) available. Offending class: [org/springframework/transaction/interceptor/TransactionAttributeSource]
14:32:41.168 [Test worker] INFO org.springframework.boot.test.context.SpringBootTestContextBootstrapper - Using TestExecutionListeners: [org.springframework.test.context.web.ServletTestExecutionListener@26a8bbd, org.springframework.test.context.support.DirtiesContextBeforeModesTestExecutionListener@59abeb15, org.springframework.boot.test.autoconfigure.SpringBootDependencyInjectionTestExecutionListener@146b4872, org.springframework.test.context.support.DirtiesContextTestExecutionListener@7890843e, org.springframework.boot.test.autoconfigure.web.servlet.MockMvcPrintOnlyOnFailureTestExecutionListener@2ef1dff2, org.springframework.boot.test.autoconfigure.web.client.MockRestServiceServerResetTestExecutionListener@28846a7a, org.springframework.boot.test.mock.mockito.MockitoTestExecutionListener@66e28fc0, org.springframework.boot.test.mock.mockito.ResetMocksTestExecutionListener@1aaf5656, org.springframework.boot.test.autoconfigure.restdocs.RestDocsTestExecutionListener@3a0114be, org.springframework.boot.test.autoconfigure.web.servlet.WebDriverTestExecutionListener@315d6e3e]
14:32:41.170 [Test worker] DEBUG org.springframework.test.annotation.ProfileValueUtils - Retrieved @ProfileValueSourceConfiguration [null] for test class [com.deloitte.ho.application.ApplicationTest]
14:32:41.170 [Test worker] DEBUG org.springframework.test.annotation.ProfileValueUtils - Retrieved ProfileValueSource type [class org.springframework.test.annotation.SystemProfileValueSource] for class [com.deloitte.ho.application.ApplicationTest]
14:32:41.171 [Test worker] DEBUG org.springframework.test.annotation.ProfileValueUtils - Retrieved @ProfileValueSourceConfiguration [null] for test class [com.deloitte.ho.application.ApplicationTest]
14:32:41.171 [Test worker] DEBUG org.springframework.test.annotation.ProfileValueUtils - Retrieved ProfileValueSource type [class org.springframework.test.annotation.SystemProfileValueSource] for class [com.deloitte.ho.application.ApplicationTest]
14:32:41.174 [Test worker] DEBUG org.springframework.test.context.support.AbstractDirtiesContextTestExecutionListener - Before test class: context [DefaultTestContext@54f5ca59 testClass = ApplicationTest, testInstance = [null], testMethod = [null], testException = [null], mergedContextConfiguration = [WebMergedContextConfiguration@41457f3e testClass = ApplicationTest, locations = '{}', classes = '{class com.deloitte.ho.application.Application}', contextInitializerClasses = '[]', activeProfiles = '{}', propertySourceLocations = '{}', propertySourceProperties = '{org.springframework.boot.test.context.SpringBootTestContextBootstrapper=true}', contextCustomizers = set[org.springframework.boot.test.context.SpringBootTestContextCustomizer@4685420b, org.springframework.boot.test.context.filter.ExcludeFilterContextCustomizer@4fe25532, org.springframework.boot.test.mock.mockito.MockitoContextCustomizer@0, org.springframework.boot.test.autoconfigure.properties.PropertyMappingContextCustomizer@0, org.springframework.boot.test.autoconfigure.web.servlet.WebDriverContextCustomizerFactory$Customizer@782c8693], resourceBasePath = 'src/main/webapp', contextLoader = 'org.springframework.boot.test.context.SpringBootContextLoader', parent = [null]]], class annotated with @DirtiesContext [false] with mode [null].
14:32:41.175 [Test worker] DEBUG org.springframework.test.annotation.ProfileValueUtils - Retrieved @ProfileValueSourceConfiguration [null] for test class [com.deloitte.ho.application.ApplicationTest]
14:32:41.175 [Test worker] DEBUG org.springframework.test.annotation.ProfileValueUtils - Retrieved ProfileValueSource type [class org.springframework.test.annotation.SystemProfileValueSource] for class [com.deloitte.ho.application.ApplicationTest]
14:32:41.214 [Test worker] DEBUG org.springframework.core.env.StandardEnvironment - Adding [systemProperties] PropertySource with lowest search precedence
14:32:41.214 [Test worker] DEBUG org.springframework.core.env.StandardEnvironment - Adding [systemEnvironment] PropertySource with lowest search precedence
14:32:41.214 [Test worker] DEBUG org.springframework.core.env.StandardEnvironment - Initialized StandardEnvironment with PropertySources [systemProperties,systemEnvironment]
14:32:41.215 [Test worker] DEBUG org.springframework.core.env.MutablePropertySources - Adding [inline] PropertySource with highest search precedence
14:32:41.219 [Test worker] DEBUG org.springframework.test.context.support.TestPropertySourceUtils - Adding inlined properties to environment: {spring.jmx.enabled=false, org.springframework.boot.test.context.SpringBootTestContextBootstrapper=true, server.port=-1}
14:32:41.219 [Test worker] DEBUG org.springframework.core.env.StandardEnvironment - Adding [Inlined Test Properties] PropertySource with highest search precedence

  .   ____          _            __ _ _
 /\\ / ___'_ __ _ _(_)_ __  __ _ \ \ \ \
( ( )\___ | '_ | '_| | '_ \/ _` | \ \ \ \
 \\/  ___)| |_)| | | | | || (_| |  ) ) ) )
  '  |____| .__|_| |_|_| |_\__, | / / / /
 =========|_|==============|___/=/_/_/_/
 :: Spring Boot ::        (v1.5.2.RELEASE)

2017-04-20 14:32:41.536  INFO 96445 --- [    Test worker] c.d.ho.application.ApplicationTest       : Starting ApplicationTest on UK167361 with PID 96445 (started by shivxsingh in /Users/shivxsingh/Desktop/home-office-master/fee-service)
2017-04-20 14:32:41.537  INFO 96445 --- [    Test worker] c.d.ho.application.ApplicationTest       : No active profile set, falling back to default profiles: default
2017-04-20 14:32:41.565  INFO 96445 --- [    Test worker] o.s.w.c.s.GenericWebApplicationContext   : Refreshing org.springframework.web.context.support.GenericWebApplicationContext@747e3d42: startup date [Thu Apr 20 14:32:41 BST 2017]; root of context hierarchy
2017-04-20 14:32:42.432  INFO 96445 --- [    Test worker] s.w.s.m.m.a.RequestMappingHandlerAdapter : Looking for @ControllerAdvice: org.springframework.web.context.support.GenericWebApplicationContext@747e3d42: startup date [Thu Apr 20 14:32:41 BST 2017]; root of context hierarchy
2017-04-20 14:32:42.474  INFO 96445 --- [    Test worker] s.w.s.m.m.a.RequestMappingHandlerMapping : Mapped "{[/fees],methods=[GET]}" onto public com.deloitte.ho.application.model.Fee com.deloitte.ho.application.FeeController.getFees()
2017-04-20 14:32:42.476  INFO 96445 --- [    Test worker] s.w.s.m.m.a.RequestMappingHandlerMapping : Mapped "{[/error]}" onto public org.springframework.http.ResponseEntity<java.util.Map<java.lang.String, java.lang.Object>> org.springframework.boot.autoconfigure.web.BasicErrorController.error(javax.servlet.http.HttpServletRequest)
2017-04-20 14:32:42.477  INFO 96445 --- [    Test worker] s.w.s.m.m.a.RequestMappingHandlerMapping : Mapped "{[/error],produces=[text/html]}" onto public org.springframework.web.servlet.ModelAndView org.springframework.boot.autoconfigure.web.BasicErrorController.errorHtml(javax.servlet.http.HttpServletRequest,javax.servlet.http.HttpServletResponse)
2017-04-20 14:32:42.503  INFO 96445 --- [    Test worker] o.s.w.s.handler.SimpleUrlHandlerMapping  : Mapped URL path [/webjars/**] onto handler of type [class org.springframework.web.servlet.resource.ResourceHttpRequestHandler]
2017-04-20 14:32:42.504  INFO 96445 --- [    Test worker] o.s.w.s.handler.SimpleUrlHandlerMapping  : Mapped URL path [/**] onto handler of type [class org.springframework.web.servlet.resource.ResourceHttpRequestHandler]
2017-04-20 14:32:42.526  INFO 96445 --- [    Test worker] o.s.w.s.handler.SimpleUrlHandlerMapping  : Mapped URL path [/**/favicon.ico] onto handler of type [class org.springframework.web.servlet.resource.ResourceHttpRequestHandler]
2017-04-20 14:32:42.627  INFO 96445 --- [    Test worker] c.d.ho.application.ApplicationTest       : Started ApplicationTest in 1.4 seconds (JVM running for 2.04)
]]></system-out>
  <system-err><![CDATA[]]></system-err>
</testsuite>
